<?xml version="1.0" encoding="UTF-8"?>
<!-- Generated by org.testng.reporters.JUnitXMLReporter -->
<testsuite hostname="DESKTOP-8N8BD9R" ignored="2" name="Test" tests="2" failures="0" timestamp="2020-08-29T10:59:33 IST" time="32.344" errors="0">
  <testcase name="user_login" time="7.613" classname="framework.testcases.TC001_Login"/>
  <testcase name="search_product" time="0.29" classname="framework.testcases.TC002_Search_Product"/>
  <testcase name="@BeforeTest startBrowser" time="0.0" classname="framework.browserStartAndQuit.BrowserStartAndQuit">
    <ignored/>
  </testcase> <!-- @BeforeTest startBrowser -->
  <testcase name="@AfterTest closeBrowser" time="0.0" classname="framework.browserStartAndQuit.BrowserStartAndQuit">
    <ignored/>
  </testcase> <!-- @AfterTest closeBrowser -->
</testsuite> <!-- Test -->
